<?xml version="1.0" encoding="UTF-8"?>
<!-- Generated by org.testng.reporters.JUnitReportReporter -->
<testsuite hostname="fau-eduroam-210-223.wlan.rrze.net" name="com.seleniumtests.test.WebDriverTest" tests="1" failures="0" timestamp="18 Nov 2015 16:08:46 GMT" time="6,193" errors="0">
  <testcase name="testRegistrationNew" time="6,193" classname="com.seleniumtests.test.WebDriverTest"/>
</testsuite>
